-7.896703309574832019e+00 -9.181513154035414459e+00 -0.000000000000000000e+00 -4.945392685165838742e+00 -0.000000000000000000e+00 -0.000000000000000000e+00 -0.000000000000000000e+00 -0.000000000000000000e+00
-4.945392685165838742e+00 -0.000000000000000000e+00 -0.000000000000000000e+00 -0.000000000000000000e+00 -0.000000000000000000e+00 -0.000000000000000000e+00 -0.000000000000000000e+00 -0.000000000000000000e+00
-4.945392685165838742e+00 -0.000000000000000000e+00 -0.000000000000000000e+00 -0.000000000000000000e+00 -0.000000000000000000e+00 -4.945392685165838742e+00 -0.000000000000000000e+00 -0.000000000000000000e+00
-0.000000000000000000e+00 -8.142500349997618514e+00 -0.000000000000000000e+00 -0.000000000000000000e+00 -0.000000000000000000e+00 -0.000000000000000000e+00 -0.000000000000000000e+00 -0.000000000000000000e+00
-0.000000000000000000e+00 -0.000000000000000000e+00 -0.000000000000000000e+00 -0.000000000000000000e+00 -0.000000000000000000e+00 -0.000000000000000000e+00 -0.000000000000000000e+00 -0.000000000000000000e+00
-0.000000000000000000e+00 -8.343707943368471547e+00 -0.000000000000000000e+00 -0.000000000000000000e+00 -0.000000000000000000e+00 -0.000000000000000000e+00 -4.945392685165838742e+00 -0.000000000000000000e+00
-0.000000000000000000e+00 -8.142500349997618514e+00 -0.000000000000000000e+00 -0.000000000000000000e+00 -0.000000000000000000e+00 -0.000000000000000000e+00 -0.000000000000000000e+00 -2.805358583939614459e+00
-4.945392685165838742e+00 -0.000000000000000000e+00 -0.000000000000000000e+00 -0.000000000000000000e+00 -4.945392685165838742e+00 -0.000000000000000000e+00 -0.000000000000000000e+00 -0.000000000000000000e+00
-4.945392685165838742e+00 -9.168001240326940859e+00 -0.000000000000000000e+00 -0.000000000000000000e+00 -0.000000000000000000e+00 -0.000000000000000000e+00 -0.000000000000000000e+00 -0.000000000000000000e+00
-4.945392685165838742e+00 -0.000000000000000000e+00 -7.881579833496409115e+00 -0.000000000000000000e+00 -0.000000000000000000e+00 -0.000000000000000000e+00 -0.000000000000000000e+00 -4.945392685165838742e+00
-0.000000000000000000e+00 -0.000000000000000000e+00 -8.142500349997618514e+00 -4.945392685165838742e+00 -4.945392685165838742e+00 -2.805358583939614459e+00 -0.000000000000000000e+00 -0.000000000000000000e+00
-0.000000000000000000e+00 -6.957271369213955836e+01 -0.000000000000000000e+00 -4.945392685165838742e+00 -0.000000000000000000e+00 -0.000000000000000000e+00 -0.000000000000000000e+00 -0.000000000000000000e+00
-4.945392685165838742e+00 -0.000000000000000000e+00 -4.945392685165838742e+00 -0.000000000000000000e+00 -8.368485402486959046e+00 -4.945392685165838742e+00 -4.945392685165838742e+00 -0.000000000000000000e+00
-0.000000000000000000e+00 -4.945392685165838742e+00 -7.642309019261955605e+00 -0.000000000000000000e+00 -0.000000000000000000e+00 -4.945392685165838742e+00 -0.000000000000000000e+00 -2.613420236864818537e-03
-0.000000000000000000e+00 -0.000000000000000000e+00 -7.896703309574832019e+00 -0.000000000000000000e+00 -4.945392685165838742e+00 -0.000000000000000000e+00 -0.000000000000000000e+00 -0.000000000000000000e+00
-7.642309019261955605e+00 -0.000000000000000000e+00 -0.000000000000000000e+00 -0.000000000000000000e+00 -0.000000000000000000e+00 -0.000000000000000000e+00 -4.945392685165838742e+00 -0.000000000000000000e+00
-4.945392685165838742e+00 -0.000000000000000000e+00 -0.000000000000000000e+00 -0.000000000000000000e+00 -0.000000000000000000e+00 -4.945392685165838742e+00 -0.000000000000000000e+00 -0.000000000000000000e+00
-4.945392685165838742e+00 -4.945392685165838742e+00 -4.945392685165838742e+00 -7.896703309574832019e+00 -0.000000000000000000e+00 -0.000000000000000000e+00 -0.000000000000000000e+00 -0.000000000000000000e+00
-0.000000000000000000e+00 -0.000000000000000000e+00 -0.000000000000000000e+00 -0.000000000000000000e+00 -0.000000000000000000e+00 -0.000000000000000000e+00 -0.000000000000000000e+00 -0.000000000000000000e+00
-6.335525489263451604e+00 -0.000000000000000000e+00 -4.945392685165838742e+00 -0.000000000000000000e+00 -0.000000000000000000e+00 -0.000000000000000000e+00 -4.945392685165838742e+00 -0.000000000000000000e+00
-0.000000000000000000e+00 -4.945392685165838742e+00 -0.000000000000000000e+00 -0.000000000000000000e+00 -0.000000000000000000e+00 -0.000000000000000000e+00 -0.000000000000000000e+00 -0.000000000000000000e+00
-8.928269762858700886e+00 -0.000000000000000000e+00 -0.000000000000000000e+00 -0.000000000000000000e+00 -0.000000000000000000e+00 -4.945392685165838742e+00 -0.000000000000000000e+00 -0.000000000000000000e+00
-0.000000000000000000e+00 -4.945392685165838742e+00 -0.000000000000000000e+00 -0.000000000000000000e+00 -0.000000000000000000e+00 -0.000000000000000000e+00 -0.000000000000000000e+00 -0.000000000000000000e+00
-0.000000000000000000e+00 -4.945392685165838742e+00 -0.000000000000000000e+00 -4.945392685165838742e+00 -0.000000000000000000e+00 -0.000000000000000000e+00 -7.642309019261955605e+00 -0.000000000000000000e+00
-4.945392685165838742e+00 -0.000000000000000000e+00 -4.945392685165838742e+00 -0.000000000000000000e+00 -4.945392685165838742e+00 -0.000000000000000000e+00 -0.000000000000000000e+00 -0.000000000000000000e+00
-0.000000000000000000e+00 -0.000000000000000000e+00 -8.928269762858700886e+00 -0.000000000000000000e+00 -0.000000000000000000e+00 -0.000000000000000000e+00 -0.000000000000000000e+00 -0.000000000000000000e+00
-6.711625660541882255e+00 -7.896703309574832019e+00 -2.805358583939614459e+00 -0.000000000000000000e+00 -0.000000000000000000e+00 -0.000000000000000000e+00 -0.000000000000000000e+00 -0.000000000000000000e+00
-0.000000000000000000e+00 -0.000000000000000000e+00 -0.000000000000000000e+00 -0.000000000000000000e+00 -0.000000000000000000e+00 -0.000000000000000000e+00 -0.000000000000000000e+00 -0.000000000000000000e+00
-0.000000000000000000e+00 -7.896703309574832019e+00 -0.000000000000000000e+00 -0.000000000000000000e+00 -0.000000000000000000e+00 -0.000000000000000000e+00 -4.945392685165838742e+00 -0.000000000000000000e+00
-5.666660101756845869e+00 -0.000000000000000000e+00 -0.000000000000000000e+00 -4.945392685165838742e+00 -0.000000000000000000e+00 -0.000000000000000000e+00 -0.000000000000000000e+00 -0.000000000000000000e+00
