-0.000000000000000000e+00 -0.000000000000000000e+00 -0.000000000000000000e+00 -4.945392685165838742e+00 -4.945392685165838742e+00
-6.400037406145175112e+01 -4.733931839737270941e+00 -0.000000000000000000e+00 -0.000000000000000000e+00 -0.000000000000000000e+00
-0.000000000000000000e+00 -7.642309019261955605e+00 -4.945392685165838742e+00 -0.000000000000000000e+00 -0.000000000000000000e+00
-0.000000000000000000e+00 -4.945392685165838742e+00 -8.272547590525705985e+00 -0.000000000000000000e+00 -4.944569273855794478e+00
-4.401930641210577200e+00 -4.945392685165838742e+00 -8.142500349997618514e+00 -0.000000000000000000e+00 -0.000000000000000000e+00
-0.000000000000000000e+00 -4.945392685165838742e+00 -0.000000000000000000e+00 -7.642309019261955605e+00 -4.945392685165838742e+00
-0.000000000000000000e+00 -0.000000000000000000e+00 -0.000000000000000000e+00 -0.000000000000000000e+00 -4.945392685165838742e+00
-5.185381492182105312e+00 -0.000000000000000000e+00 -0.000000000000000000e+00 -4.945392685165838742e+00 -8.928269762858700886e+00
-4.992443869630761810e+00 -0.000000000000000000e+00 -0.000000000000000000e+00 -0.000000000000000000e+00 -0.000000000000000000e+00
-4.944569273855794478e+00 -0.000000000000000000e+00 -0.000000000000000000e+00 -0.000000000000000000e+00 -4.945392685165838742e+00
-0.000000000000000000e+00 -0.000000000000000000e+00 -0.000000000000000000e+00 -0.000000000000000000e+00 -0.000000000000000000e+00
-0.000000000000000000e+00 -0.000000000000000000e+00 -0.000000000000000000e+00 -8.928269762858700886e+00 -0.000000000000000000e+00
-5.690249164451037345e+00 -0.000000000000000000e+00 -0.000000000000000000e+00 -0.000000000000000000e+00 -8.142500349997618514e+00
-0.000000000000000000e+00 -0.000000000000000000e+00 -0.000000000000000000e+00 -0.000000000000000000e+00 -0.000000000000000000e+00
-0.000000000000000000e+00 -0.000000000000000000e+00 -0.000000000000000000e+00 -4.945392685165838742e+00 -4.945392685165838742e+00
-0.000000000000000000e+00 -0.000000000000000000e+00 -4.945392685165838742e+00 -7.642309019261955605e+00 -4.945392685165838742e+00
-0.000000000000000000e+00 -0.000000000000000000e+00 -4.945392685165838742e+00 -4.945392685165838742e+00 -0.000000000000000000e+00
-0.000000000000000000e+00 -4.945392685165838742e+00 -0.000000000000000000e+00 -0.000000000000000000e+00 -7.859459034518435416e+00
-7.642309019261955605e+00 -4.945392685165838742e+00 -0.000000000000000000e+00 -0.000000000000000000e+00 -0.000000000000000000e+00
-4.227096219407560973e+00 -0.000000000000000000e+00 -0.000000000000000000e+00 -0.000000000000000000e+00 -0.000000000000000000e+00
-4.944569273855794478e+00 -4.945392685165838742e+00 -0.000000000000000000e+00 -0.000000000000000000e+00 -0.000000000000000000e+00
-4.898178429989100024e+00 -0.000000000000000000e+00 -4.945392685165838742e+00 -4.945392685165838742e+00 -8.928269762858700886e+00
-0.000000000000000000e+00 -0.000000000000000000e+00 -0.000000000000000000e+00 -0.000000000000000000e+00 -8.816203287422453627e+00
-0.000000000000000000e+00 -0.000000000000000000e+00 -0.000000000000000000e+00 -5.691636193838148117e+00 -0.000000000000000000e+00
-6.338786762463023194e+01 -0.000000000000000000e+00 -0.000000000000000000e+00 -0.000000000000000000e+00 -4.588862795554991436e+00
-4.945392685165838742e+00 -4.945392685165838742e+00 -5.744909201927743680e+00 -0.000000000000000000e+00 -4.945392685165838742e+00
-7.896703309574832019e+00 -0.000000000000000000e+00 -0.000000000000000000e+00 -0.000000000000000000e+00 -8.928269762858700886e+00
-7.008271309441643382e+01 -0.000000000000000000e+00 -0.000000000000000000e+00 -4.945392685165838742e+00 -4.945392685165838742e+00
-5.779328835197324210e+00 -4.944569273855794478e+00 -0.000000000000000000e+00 -0.000000000000000000e+00 -8.928269762858700886e+00
-0.000000000000000000e+00 -0.000000000000000000e+00 -6.173319396302200168e+00 -4.945392685165838742e+00 -9.181513154035414459e+00
