-0.000000000000000000e+00 -0.000000000000000000e+00 -0.000000000000000000e+00 -4.945392685165838742e+00 -0.000000000000000000e+00
-8.928269762858700886e+00 -4.945392685165838742e+00 -4.945392685165838742e+00 -0.000000000000000000e+00 -0.000000000000000000e+00
-0.000000000000000000e+00 -0.000000000000000000e+00 -0.000000000000000000e+00 -0.000000000000000000e+00 -0.000000000000000000e+00
-4.945392685165838742e+00 -0.000000000000000000e+00 -0.000000000000000000e+00 -4.945392685165838742e+00 -0.000000000000000000e+00
-9.181513154035414459e+00 -0.000000000000000000e+00 -4.945392685165838742e+00 -0.000000000000000000e+00 -0.000000000000000000e+00
-8.928269762858700886e+00 -0.000000000000000000e+00 -0.000000000000000000e+00 -0.000000000000000000e+00 -3.655276741353384651e+00
-0.000000000000000000e+00 -0.000000000000000000e+00 -0.000000000000000000e+00 -0.000000000000000000e+00 -7.528728555902395314e+00
-8.928269762858700886e+00 -0.000000000000000000e+00 -7.642309019261955605e+00 -0.000000000000000000e+00 -0.000000000000000000e+00
-4.945392685165838742e+00 -0.000000000000000000e+00 -0.000000000000000000e+00 -0.000000000000000000e+00 -0.000000000000000000e+00
-9.181513154035414459e+00 -0.000000000000000000e+00 -0.000000000000000000e+00 -0.000000000000000000e+00 -0.000000000000000000e+00
-8.928269762858700886e+00 -0.000000000000000000e+00 -0.000000000000000000e+00 -4.945392685165838742e+00 -7.642309019261955605e+00
-0.000000000000000000e+00 -0.000000000000000000e+00 -4.945392685165838742e+00 -0.000000000000000000e+00 -0.000000000000000000e+00
-0.000000000000000000e+00 -0.000000000000000000e+00 -0.000000000000000000e+00 -0.000000000000000000e+00 -0.000000000000000000e+00
-7.642309019261955605e+00 -0.000000000000000000e+00 -4.945392685165838742e+00 -0.000000000000000000e+00 -0.000000000000000000e+00
-8.928269762858700886e+00 -0.000000000000000000e+00 -0.000000000000000000e+00 -0.000000000000000000e+00 -4.945392685165838742e+00
-0.000000000000000000e+00 -0.000000000000000000e+00 -4.945392685165838742e+00 -7.687159244547587811e+00 -0.000000000000000000e+00
-0.000000000000000000e+00 -4.945392685165838742e+00 -4.945392685165838742e+00 -0.000000000000000000e+00 -0.000000000000000000e+00
-0.000000000000000000e+00 -0.000000000000000000e+00 -0.000000000000000000e+00 -4.945392685165838742e+00 -0.000000000000000000e+00
-8.928269762858700886e+00 -0.000000000000000000e+00 -0.000000000000000000e+00 -4.945392685165838742e+00 -4.945392685165838742e+00
-0.000000000000000000e+00 -4.945392685165838742e+00 -0.000000000000000000e+00 -0.000000000000000000e+00 -0.000000000000000000e+00
-8.928269762858700886e+00 -0.000000000000000000e+00 -4.945392685165838742e+00 -0.000000000000000000e+00 -4.945392685165838742e+00
-0.000000000000000000e+00 -8.928269762858700886e+00 -4.945392685165838742e+00 -0.000000000000000000e+00 -4.945392685165838742e+00
-0.000000000000000000e+00 -0.000000000000000000e+00 -4.945392685165838742e+00 -7.288141362914704935e+00 -0.000000000000000000e+00
-0.000000000000000000e+00 -0.000000000000000000e+00 -0.000000000000000000e+00 -0.000000000000000000e+00 -0.000000000000000000e+00
-8.928269762858700886e+00 -4.945392685165838742e+00 -0.000000000000000000e+00 -0.000000000000000000e+00 -8.928269762858700886e+00
-0.000000000000000000e+00 -0.000000000000000000e+00 -7.642309019261955605e+00 -4.945392685165838742e+00 -0.000000000000000000e+00
-0.000000000000000000e+00 -0.000000000000000000e+00 -4.945392685165838742e+00 -0.000000000000000000e+00 -0.000000000000000000e+00
-0.000000000000000000e+00 -0.000000000000000000e+00 -0.000000000000000000e+00 -0.000000000000000000e+00 -0.000000000000000000e+00
-8.928269762858700886e+00 -0.000000000000000000e+00 -0.000000000000000000e+00 -4.945392685165838742e+00 -4.945392685165838742e+00
-0.000000000000000000e+00 -0.000000000000000000e+00 -4.945392685165838742e+00 -7.187347277541361379e+00 -4.945392685165838742e+00
