-0.000000000000000000e+00 -0.000000000000000000e+00 -0.000000000000000000e+00 -0.000000000000000000e+00 -0.000000000000000000e+00
-0.000000000000000000e+00 -0.000000000000000000e+00 -0.000000000000000000e+00 -6.498621902627709801e+01 -4.944569273855794478e+00
-4.944569273855794478e+00 -0.000000000000000000e+00 -4.945392685165838742e+00 -6.711625660541882255e+00 -4.945392685165838742e+00
-5.967927831777193326e+00 -6.400037406145175112e+01 -9.181513154035414459e+00 -0.000000000000000000e+00 -0.000000000000000000e+00
-0.000000000000000000e+00 -0.000000000000000000e+00 -7.642309019261955605e+00 -0.000000000000000000e+00 -0.000000000000000000e+00
-7.642309019261955605e+00 -0.000000000000000000e+00 -0.000000000000000000e+00 -7.642309019261955605e+00 -0.000000000000000000e+00
-0.000000000000000000e+00 -4.937812403346555357e+00 -6.498621902627708380e+01 -0.000000000000000000e+00 -5.383160033407157208e+00
-4.944569273855794478e+00 -6.400037406145172270e+01 -0.000000000000000000e+00 -0.000000000000000000e+00 -0.000000000000000000e+00
-0.000000000000000000e+00 -0.000000000000000000e+00 -0.000000000000000000e+00 -7.288141362914704935e+00 -0.000000000000000000e+00
-0.000000000000000000e+00 -4.821276706531698153e+00 -4.945392685165838742e+00 -7.896703309574832019e+00 -0.000000000000000000e+00
-7.642309019261955605e+00 -0.000000000000000000e+00 -0.000000000000000000e+00 -0.000000000000000000e+00 -0.000000000000000000e+00
-4.379896614590957249e+00 -4.944569273855794478e+00 -4.945392685165838742e+00 -4.944569273855794478e+00 -6.831362177630479593e+00
-6.831362177630479593e+00 -4.944569273855794478e+00 -4.588862795554991436e+00 -6.954110592004789737e+01 -0.000000000000000000e+00
-0.000000000000000000e+00 -6.095177211454839039e+00 -0.000000000000000000e+00 -0.000000000000000000e+00 -7.642309019261955605e+00
-4.944569273855794478e+00 -0.000000000000000000e+00 -5.685588779662360537e+00 -4.938019679424806796e+00 -0.000000000000000000e+00
-0.000000000000000000e+00 -6.040002899553114979e+00 -7.642309019261955605e+00 -4.945392685165838742e+00 -0.000000000000000000e+00
-0.000000000000000000e+00 -0.000000000000000000e+00 -0.000000000000000000e+00 -0.000000000000000000e+00 -5.897499173482149359e+00
-0.000000000000000000e+00 -4.563125154847537779e+00 -6.957271369213955836e+01 -4.944569273855794478e+00 -0.000000000000000000e+00
-6.711625660541882255e+00 -0.000000000000000000e+00 -0.000000000000000000e+00 -6.904185774792559016e+01 -0.000000000000000000e+00
-0.000000000000000000e+00 -4.945392685165838742e+00 -0.000000000000000000e+00 -4.898178429989100024e+00 -6.957271369213955836e+01
-4.945392685165838742e+00 -0.000000000000000000e+00 -0.000000000000000000e+00 -0.000000000000000000e+00 -0.000000000000000000e+00
-6.824256733918415030e+00 -0.000000000000000000e+00 -0.000000000000000000e+00 -0.000000000000000000e+00 -0.000000000000000000e+00
-4.944569273855794478e+00 -0.000000000000000000e+00 -6.400037406145175112e+01 -5.859096739555538669e+00 -0.000000000000000000e+00
-6.388778736134033132e+00 -6.324047163153814921e+01 -0.000000000000000000e+00 -4.941647140494718649e+00 -0.000000000000000000e+00
-4.944569273855794478e+00 -0.000000000000000000e+00 -4.945392685165838742e+00 -0.000000000000000000e+00 -6.710889972343911936e+00
-0.000000000000000000e+00 -0.000000000000000000e+00 -0.000000000000000000e+00 -4.431027089155090692e+00 -5.990892608359342120e+01
-0.000000000000000000e+00 -0.000000000000000000e+00 -0.000000000000000000e+00 -3.667132320944641588e+00 -0.000000000000000000e+00
-8.756429797203148624e+00 -6.046405091119207320e+00 -0.000000000000000000e+00 -4.591357575039026528e+00 -4.945392685165838742e+00
-4.898178429989100024e+00 -0.000000000000000000e+00 -5.383160033407157208e+00 -4.945392685165838742e+00 -0.000000000000000000e+00
-6.310834927864203081e+01 -0.000000000000000000e+00 -6.008895081912622516e+01 -0.000000000000000000e+00 -6.831362177630479593e+00
